This is cutadapt 3.4 with Python 3.7.10
Command line parameters: --cores 6 --minimum-length 1 -g CCTACGGGAGGCAGCAG --discard-untrimmed -o Adobera_mesa.trimmed.trim.fastq.gz Adobera_mesa.fastq.gz
Processing reads on 6 cores in single-end mode ...
Finished in 1.23 s (18 µs/read; 3.38 M reads/minute).

=== Summary ===

Total reads processed:                  69,103
Reads with adapters:                    68,901 (99.7%)
Reads that were too short:                   0 (0.0%)
Reads written (passing filters):        68,901 (99.7%)

Total basepairs processed:    14,510,185 bp
Total written (filtered):     13,296,301 bp (91.6%)

=== Adapter 1 ===

Sequence: CCTACGGGAGGCAGCAG; Type: regular 5'; Length: 17; Trimmed: 68901 times

No. of allowed errors:
1-9 bp: 0; 10-17 bp: 1

Overview of removed sequences
length	count	expect	max.err	error counts
8	1	1.1	0	1
9	5	0.3	0	5
10	2	0.1	1	2
13	2	0.0	1	1 1
15	5	0.0	1	0 5
16	759	0.0	1	59 700
17	67152	0.0	1	65941 1211
18	959	0.0	1	87 872
19	16	0.0	1	1 15
