This is cutadapt 3.4 with Python 3.7.10
Command line parameters: --cores 6 --minimum-length 1 -g CCTACGGGAGGCAGCAG --discard-untrimmed -o Adobera_pasteurizada.trimmed.trim.fastq.gz Adobera_pasteurizada.fastq.gz
Processing reads on 6 cores in single-end mode ...
Finished in 0.23 s (59 µs/read; 1.01 M reads/minute).

=== Summary ===

Total reads processed:                   3,839
Reads with adapters:                     3,803 (99.1%)
Reads that were too short:                   0 (0.0%)
Reads written (passing filters):         3,803 (99.1%)

Total basepairs processed:       806,141 bp
Total written (filtered):        733,906 bp (91.0%)

=== Adapter 1 ===

Sequence: CCTACGGGAGGCAGCAG; Type: regular 5'; Length: 17; Trimmed: 3803 times

No. of allowed errors:
1-9 bp: 0; 10-17 bp: 1

Overview of removed sequences
length	count	expect	max.err	error counts
9	2	0.0	0	2
10	1	0.0	1	1
14	3	0.0	1	3
15	1	0.0	1	0 1
16	50	0.0	1	9 41
17	3653	0.0	1	3489 164
18	80	0.0	1	20 60
19	11	0.0	1	8 3
20	2	0.0	1	2
