This is cutadapt 3.4 with Python 3.7.10
Command line parameters: --cores 6 --minimum-length 1 -g CCTACGGGAGGCAGCAG --discard-untrimmed -o Asadero.trimmed.trim.fastq.gz Asadero.fastq.gz
Processing reads on 6 cores in single-end mode ...
Finished in 0.39 s (36 µs/read; 1.67 M reads/minute).

=== Summary ===

Total reads processed:                  10,919
Reads with adapters:                    10,887 (99.7%)
Reads that were too short:                   0 (0.0%)
Reads written (passing filters):        10,887 (99.7%)

Total basepairs processed:     2,292,939 bp
Total written (filtered):      2,101,274 bp (91.6%)

=== Adapter 1 ===

Sequence: CCTACGGGAGGCAGCAG; Type: regular 5'; Length: 17; Trimmed: 10887 times

No. of allowed errors:
1-9 bp: 0; 10-17 bp: 1

Overview of removed sequences
length	count	expect	max.err	error counts
10	3	0.0	1	0 3
11	1	0.0	1	0 1
14	1	0.0	1	0 1
15	3	0.0	1	0 3
16	152	0.0	1	23 129
17	10673	0.0	1	10440 233
18	54	0.0	1	6 48
