This is cutadapt 3.4 with Python 3.7.10
Command line parameters: --cores 6 --minimum-length 1 -g CCTACGGGAGGCAGCAG --discard-untrimmed -o Canasto.trimmed.trim.fastq.gz Canasto.fastq.gz
Processing reads on 6 cores in single-end mode ...
Finished in 0.32 s (51 µs/read; 1.17 M reads/minute).

=== Summary ===

Total reads processed:                   6,141
Reads with adapters:                     6,101 (99.3%)
Reads that were too short:                   0 (0.0%)
Reads written (passing filters):         6,101 (99.3%)

Total basepairs processed:     1,289,556 bp
Total written (filtered):      1,177,383 bp (91.3%)

=== Adapter 1 ===

Sequence: CCTACGGGAGGCAGCAG; Type: regular 5'; Length: 17; Trimmed: 6101 times

No. of allowed errors:
1-9 bp: 0; 10-17 bp: 1

Overview of removed sequences
length	count	expect	max.err	error counts
5	1	6.0	0	1
9	1	0.0	0	1
16	56	0.0	1	4 52
17	5919	0.0	1	5671 248
18	116	0.0	1	23 93
19	8	0.0	1	8
