This is cutadapt 3.4 with Python 3.7.10
Command line parameters: --cores 6 --minimum-length 1 -g CCTACGGGAGGCAGCAG --discard-untrimmed -o Chiapas.trimmed.trim.fastq.gz Chiapas.fastq.gz
Processing reads on 6 cores in single-end mode ...
Finished in 0.73 s (13 µs/read; 4.73 M reads/minute).

=== Summary ===

Total reads processed:                  57,532
Reads with adapters:                    57,404 (99.8%)
Reads that were too short:                   0 (0.0%)
Reads written (passing filters):        57,404 (99.8%)

Total basepairs processed:    12,081,027 bp
Total written (filtered):     11,078,105 bp (91.7%)

=== Adapter 1 ===

Sequence: CCTACGGGAGGCAGCAG; Type: regular 5'; Length: 17; Trimmed: 57404 times

No. of allowed errors:
1-9 bp: 0; 10-17 bp: 1

Overview of removed sequences
length	count	expect	max.err	error counts
9	3	0.2	0	3
10	1	0.1	1	0 1
11	1	0.0	1	1
14	7	0.0	1	4 3
15	21	0.0	1	2 19
16	676	0.0	1	143 533
17	55771	0.0	1	54801 970
18	900	0.0	1	327 573
19	22	0.0	1	0 22
20	2	0.0	1	2
