This is cutadapt 3.4 with Python 3.7.10
Command line parameters: --cores 6 --minimum-length 1 -g CCTACGGGAGGCAGCAG --discard-untrimmed -o Chihuahua.trimmed.trim.fastq.gz Chihuahua.fastq.gz
Processing reads on 6 cores in single-end mode ...
Finished in 0.82 s (12 µs/read; 5.01 M reads/minute).

=== Summary ===

Total reads processed:                  68,543
Reads with adapters:                    68,212 (99.5%)
Reads that were too short:                   0 (0.0%)
Reads written (passing filters):        68,212 (99.5%)

Total basepairs processed:    14,393,259 bp
Total written (filtered):     13,163,989 bp (91.5%)

=== Adapter 1 ===

Sequence: CCTACGGGAGGCAGCAG; Type: regular 5'; Length: 17; Trimmed: 68212 times

No. of allowed errors:
1-9 bp: 0; 10-17 bp: 1

Overview of removed sequences
length	count	expect	max.err	error counts
6	1	16.7	0	1
9	8	0.3	0	8
10	4	0.1	1	1 3
11	1	0.0	1	0 1
13	2	0.0	1	1 1
14	26	0.0	1	9 17
15	14	0.0	1	7 7
16	600	0.0	1	81 519
17	66599	0.0	1	65509 1090
18	932	0.0	1	122 810
19	23	0.0	1	1 22
20	2	0.0	1	1 1
