This is cutadapt 3.4 with Python 3.7.10
Command line parameters: --cores 6 --minimum-length 1 -g CCTACGGGAGGCAGCAG --discard-untrimmed -o Cincho.trimmed.trim.fastq.gz Cincho.fastq.gz
Processing reads on 6 cores in single-end mode ...
Finished in 0.64 s (15 µs/read; 4.02 M reads/minute).

=== Summary ===

Total reads processed:                  42,712
Reads with adapters:                    42,211 (98.8%)
Reads that were too short:                   0 (0.0%)
Reads written (passing filters):        42,211 (98.8%)

Total basepairs processed:     8,969,042 bp
Total written (filtered):      8,146,180 bp (90.8%)

=== Adapter 1 ===

Sequence: CCTACGGGAGGCAGCAG; Type: regular 5'; Length: 17; Trimmed: 42211 times

No. of allowed errors:
1-9 bp: 0; 10-17 bp: 1

Overview of removed sequences
length	count	expect	max.err	error counts
6	1	10.4	0	1
8	3	0.7	0	3
9	2	0.2	0	2
10	2	0.0	1	2
11	2	0.0	1	2
13	2	0.0	1	2
14	6	0.0	1	6
15	10	0.0	1	6 4
16	590	0.0	1	66 524
17	40832	0.0	1	39149 1683
18	738	0.0	1	69 669
19	22	0.0	1	8 14
20	1	0.0	1	1
