This is cutadapt 3.4 with Python 3.7.10
Command line parameters: --cores 6 --minimum-length 1 -g CCTACGGGAGGCAGCAG --discard-untrimmed -o Cotija.trimmed.trim.fastq.gz Cotija.fastq.gz
Processing reads on 6 cores in single-end mode ...
Finished in 0.61 s (13 µs/read; 4.77 M reads/minute).

=== Summary ===

Total reads processed:                  48,779
Reads with adapters:                    48,590 (99.6%)
Reads that were too short:                   0 (0.0%)
Reads written (passing filters):        48,590 (99.6%)

Total basepairs processed:    10,243,170 bp
Total written (filtered):      9,377,782 bp (91.6%)

=== Adapter 1 ===

Sequence: CCTACGGGAGGCAGCAG; Type: regular 5'; Length: 17; Trimmed: 48590 times

No. of allowed errors:
1-9 bp: 0; 10-17 bp: 1

Overview of removed sequences
length	count	expect	max.err	error counts
8	3	0.7	0	3
9	1	0.2	0	1
10	1	0.0	1	1
11	2	0.0	1	1 1
13	3	0.0	1	3
14	12	0.0	1	7 5
15	13	0.0	1	1 12
16	590	0.0	1	87 503
17	47594	0.0	1	46802 792
18	358	0.0	1	71 287
19	12	0.0	1	2 10
21	1	0.0	1	1
