This is cutadapt 3.4 with Python 3.7.10
Command line parameters: --cores 6 --minimum-length 1 -g CCTACGGGAGGCAGCAG --discard-untrimmed -o Manchego.trimmed.trim.fastq.gz Manchego.fastq.gz
Processing reads on 6 cores in single-end mode ...
Finished in 0.76 s (29 µs/read; 2.07 M reads/minute).

=== Summary ===

Total reads processed:                  26,384
Reads with adapters:                    26,225 (99.4%)
Reads that were too short:                   0 (0.0%)
Reads written (passing filters):        26,225 (99.4%)

Total basepairs processed:     5,540,330 bp
Total written (filtered):      5,061,144 bp (91.4%)

=== Adapter 1 ===

Sequence: CCTACGGGAGGCAGCAG; Type: regular 5'; Length: 17; Trimmed: 26225 times

No. of allowed errors:
1-9 bp: 0; 10-17 bp: 1

Overview of removed sequences
length	count	expect	max.err	error counts
8	3	0.4	0	3
9	3	0.1	0	3
10	1	0.0	1	0 1
13	1	0.0	1	0 1
14	2	0.0	1	0 2
15	9	0.0	1	1 8
16	466	0.0	1	187 279
17	25229	0.0	1	24040 1189
18	497	0.0	1	60 437
19	14	0.0	1	2 12
