This is cutadapt 3.4 with Python 3.7.10
Command line parameters: --cores 6 --minimum-length 1 -g CCTACGGGAGGCAGCAG --discard-untrimmed -o Oaxaca.trimmed.trim.fastq.gz Oaxaca.fastq.gz
Processing reads on 6 cores in single-end mode ...
Finished in 0.84 s (15 µs/read; 4.03 M reads/minute).

=== Summary ===

Total reads processed:                  56,509
Reads with adapters:                    56,397 (99.8%)
Reads that were too short:                   0 (0.0%)
Reads written (passing filters):        56,397 (99.8%)

Total basepairs processed:    11,866,255 bp
Total written (filtered):     10,883,335 bp (91.7%)

=== Adapter 1 ===

Sequence: CCTACGGGAGGCAGCAG; Type: regular 5'; Length: 17; Trimmed: 56397 times

No. of allowed errors:
1-9 bp: 0; 10-17 bp: 1

Overview of removed sequences
length	count	expect	max.err	error counts
5	1	55.2	0	1
6	2	13.8	0	2
9	4	0.2	0	4
13	2	0.0	1	2
14	1	0.0	1	1
15	6	0.0	1	1 5
16	305	0.0	1	41 264
17	55063	0.0	1	54416 647
18	986	0.0	1	63 923
19	21	0.0	1	1 20
20	6	0.0	1	6
