This is cutadapt 3.4 with Python 3.7.10
Command line parameters: --cores 6 --minimum-length 1 -g CCTACGGGAGGCAGCAG --discard-untrimmed -o Panela_pasteurizado.trimmed.trim.fastq.gz Panela_pasteurizado.fastq.gz
Processing reads on 6 cores in single-end mode ...
Finished in 0.48 s (39 µs/read; 1.55 M reads/minute).

=== Summary ===

Total reads processed:                  12,312
Reads with adapters:                    12,219 (99.2%)
Reads that were too short:                   0 (0.0%)
Reads written (passing filters):        12,219 (99.2%)

Total basepairs processed:     2,585,386 bp
Total written (filtered):      2,357,830 bp (91.2%)

=== Adapter 1 ===

Sequence: CCTACGGGAGGCAGCAG; Type: regular 5'; Length: 17; Trimmed: 12219 times

No. of allowed errors:
1-9 bp: 0; 10-17 bp: 1

Overview of removed sequences
length	count	expect	max.err	error counts
10	1	0.0	1	1
15	3	0.0	1	0 3
16	103	0.0	1	17 86
17	11702	0.0	1	11385 317
18	394	0.0	1	11 383
19	16	0.0	1	0 16
