This is cutadapt 3.4 with Python 3.7.10
Command line parameters: --cores 6 --minimum-length 1 -g CCTACGGGAGGCAGCAG --discard-untrimmed -o Ranchero_Estado_de_Mexico.trimmed.trim.fastq.gz Ranchero_Estado_de_Mexico.fastq.gz
Processing reads on 6 cores in single-end mode ...
Finished in 0.81 s (12 µs/read; 4.81 M reads/minute).

=== Summary ===

Total reads processed:                  64,610
Reads with adapters:                    64,397 (99.7%)
Reads that were too short:                   0 (0.0%)
Reads written (passing filters):        64,397 (99.7%)

Total basepairs processed:    13,567,649 bp
Total written (filtered):     12,427,275 bp (91.6%)

=== Adapter 1 ===

Sequence: CCTACGGGAGGCAGCAG; Type: regular 5'; Length: 17; Trimmed: 64397 times

No. of allowed errors:
1-9 bp: 0; 10-17 bp: 1

Overview of removed sequences
length	count	expect	max.err	error counts
8	3	1.0	0	3
11	1	0.0	1	0 1
13	5	0.0	1	4 1
14	12	0.0	1	6 6
15	7	0.0	1	5 2
16	591	0.0	1	59 532
17	62292	0.0	1	61209 1083
18	1382	0.0	1	169 1213
19	103	0.0	1	28 75
20	1	0.0	1	0 1
