This is cutadapt 3.4 with Python 3.7.10
Command line parameters: --cores 6 --minimum-length 1 -g CCTACGGGAGGCAGCAG --discard-untrimmed -o Ranchero_Veracruz.trimmed.trim.fastq.gz Ranchero_Veracruz.fastq.gz
Processing reads on 6 cores in single-end mode ...
Finished in 0.76 s (13 µs/read; 4.68 M reads/minute).

=== Summary ===

Total reads processed:                  59,447
Reads with adapters:                    59,210 (99.6%)
Reads that were too short:                   0 (0.0%)
Reads written (passing filters):        59,210 (99.6%)

Total basepairs processed:    12,483,596 bp
Total written (filtered):     11,427,604 bp (91.5%)

=== Adapter 1 ===

Sequence: CCTACGGGAGGCAGCAG; Type: regular 5'; Length: 17; Trimmed: 59210 times

No. of allowed errors:
1-9 bp: 0; 10-17 bp: 1

Overview of removed sequences
length	count	expect	max.err	error counts
6	2	14.5	0	2
8	1	0.9	0	1
10	1	0.1	1	1
13	3	0.0	1	3
14	1	0.0	1	0 1
15	14	0.0	1	2 12
16	1049	0.0	1	105 944
17	57407	0.0	1	56347 1060
18	683	0.0	1	178 505
19	48	0.0	1	33 15
20	1	0.0	1	0 1
