This is cutadapt 3.4 with Python 3.7.10
Command line parameters: --cores 6 --minimum-length 1 -g CCTACGGGAGGCAGCAG --discard-untrimmed -o Zacatecas.trimmed.trim.fastq.gz Zacatecas.fastq.gz
Processing reads on 6 cores in single-end mode ...
Finished in 0.72 s (17 µs/read; 3.51 M reads/minute).

=== Summary ===

Total reads processed:                  41,924
Reads with adapters:                    41,776 (99.6%)
Reads that were too short:                   0 (0.0%)
Reads written (passing filters):        41,776 (99.6%)

Total basepairs processed:     8,803,645 bp
Total written (filtered):      8,062,488 bp (91.6%)

=== Adapter 1 ===

Sequence: CCTACGGGAGGCAGCAG; Type: regular 5'; Length: 17; Trimmed: 41776 times

No. of allowed errors:
1-9 bp: 0; 10-17 bp: 1

Overview of removed sequences
length	count	expect	max.err	error counts
5	2	40.9	0	2
8	1	0.6	0	1
9	4	0.2	0	4
10	2	0.0	1	1 1
12	1	0.0	1	1
14	89	0.0	1	85 4
15	10	0.0	1	3 7
16	374	0.0	1	40 334
17	40677	0.0	1	40009 668
18	601	0.0	1	57 544
19	15	0.0	1	0 15
