[2022-08-02 11:28:12,619] multiqc                                            [DEBUG  ]  This is MultiQC v1.12
[2022-08-02 11:28:12,620] multiqc                                            [DEBUG  ]  No MultiQC config found: /usr/local/lib/python3.10/site-packages/multiqc_config.yaml
[2022-08-02 11:28:12,620] multiqc                                            [DEBUG  ]  No MultiQC config found: /.multiqc_config.yaml
[2022-08-02 11:28:12,621] multiqc                                            [DEBUG  ]  Loading config settings from: multiqc_config.yml
[2022-08-02 11:28:12,621] multiqc                                            [DEBUG  ]  New config 'report_comment': This report has been generated by the <a href="https://github.com/nf-core/ampliseq" target="_blank">nf-core/ampliseq</a> analysis pipeline. For information about how to interpret these results, please see the <a href="https://nf-co.re/ampliseq" target="_blank">documentation</a>.

[2022-08-02 11:28:12,621] multiqc                                            [DEBUG  ]  New config 'report_section_order': {'software_versions': {'order': -1000}, 'nf-core-ampliseq-summary': {'order': -1001}}
[2022-08-02 11:28:12,621] multiqc                                            [DEBUG  ]  New config 'export_plots': True
[2022-08-02 11:28:12,621] multiqc                                            [DEBUG  ]  Command used: /usr/local/bin/multiqc -f .
[2022-08-02 11:28:13,893] multiqc                                            [DEBUG  ]  Latest MultiQC version is v1.12
[2022-08-02 11:28:13,894] multiqc                                            [DEBUG  ]  Command     : /usr/local/bin/multiqc -f .
[2022-08-02 11:28:13,894] multiqc                                            [DEBUG  ]  Working dir : /home/edu/nf-core-ampliseq-ejercicio/work/ae/bdab455df82efac7377fb15fcd7f8d
[2022-08-02 11:28:13,894] multiqc                                            [DEBUG  ]  Template    : default
[2022-08-02 11:28:13,894] multiqc                                            [DEBUG  ]  Running Python 3.10.2 | packaged by conda-forge | (main, Feb  1 2022, 19:28:35) [GCC 9.4.0]
[2022-08-02 11:28:13,895] multiqc                                            [DEBUG  ]  Analysing modules: custom_content, ccs, ngsderive, purple, conpair, lima, peddy, somalier, methylQA, mosdepth, phantompeakqualtools, qualimap, preseq, quast, qorts, rna_seqc, rockhopper, rsem, rseqc, busco, bustools, goleft_indexcov, gffcompare, disambiguate, supernova, deeptools, sargasso, verifybamid, mirtrace, happy, mirtop, sambamba, homer, hops, macs2, theta2, snpeff, gatk, htseq, bcftools, featureCounts, fgbio, dragen, dedup, pbmarkdup, damageprofiler, biobambam2, jcvi, mtnucratio, picard, vep, sentieon, prokka, qc3C, nanostat, samblaster, samtools, sexdeterrmine, eigenstratdatabasetools, bamtools, jellyfish, vcftools, longranger, stacks, varscan2, snippy, bbmap, bismark, biscuit, hicexplorer, hicup, hicpro, salmon, kallisto, slamdunk, star, hisat2, tophat, bowtie2, bowtie1, snpsplit, odgi, pangolin, kat, leehom, adapterRemoval, clipandmerge, cutadapt, flexbar, kaiju, kraken, malt, trimmomatic, sickle, skewer, sortmerna, biobloomtools, fastq_screen, afterqc, fastp, fastqc, pychopper, pycoqc, minionqc, multivcfanalyzer, clusterflow, checkqc, bcl2fastq, bclconvert, interop, ivar, flash, seqyclean, optitype, whatshap
[2022-08-02 11:28:13,895] multiqc                                            [DEBUG  ]  Using temporary directory for creating report: /tmp/tmppb1h8g41
[2022-08-02 11:28:14,079] multiqc                                            [INFO   ]  Search path : /home/edu/nf-core-ampliseq-ejercicio/work/ae/bdab455df82efac7377fb15fcd7f8d
[2022-08-02 11:28:14,201] multiqc                                            [DEBUG  ]  File ignored by ccs/v4 because it exceeded search pattern filesize limit: .command.run
[2022-08-02 11:28:14,202] multiqc                                            [DEBUG  ]  File ignored by hicexplorer because it exceeded search pattern filesize limit: .command.run
[2022-08-02 11:28:14,202] multiqc                                            [DEBUG  ]  File ignored by lima/summary because it exceeded search pattern filesize limit: .command.run
[2022-08-02 11:28:14,204] multiqc                                            [DEBUG  ]  File ignored by longranger/invocation because it exceeded search pattern filesize limit: .command.run
[2022-08-02 11:28:14,212] multiqc                                            [DEBUG  ]  File ignored by nanostat because it exceeded search pattern filesize limit: .command.run
[2022-08-02 11:28:15,409] multiqc.plots.bargraph                             [DEBUG  ]  Using matplotlib version 3.5.1
[2022-08-02 11:28:15,411] multiqc.plots.linegraph                            [DEBUG  ]  Using matplotlib version 3.5.1
[2022-08-02 11:28:15,421] multiqc.modules.custom_content.custom_content      [INFO   ]  software_versions: Found 1 sample (html)
[2022-08-02 11:28:15,421] multiqc.modules.custom_content.custom_content      [INFO   ]  nf-core-ampliseq-summary: Found 1 sample (html)
[2022-08-02 11:28:15,439] multiqc.modules.cutadapt.cutadapt                  [INFO   ]  Found 4 reports
[2022-08-02 11:28:18,428] multiqc.modules.fastqc.fastqc                      [INFO   ]  Found 4 reports
[2022-08-02 11:28:25,337] multiqc                                            [DEBUG  ]  Reordering sections: anchor 'software_versions' not found for module 'Cutadapt'.
[2022-08-02 11:28:25,338] multiqc                                            [DEBUG  ]  Reordering sections: anchor 'nf-core-ampliseq-summary' not found for module 'Cutadapt'.
[2022-08-02 11:28:25,338] multiqc                                            [DEBUG  ]  Reordering sections: anchor 'software_versions' not found for module 'FastQC'.
[2022-08-02 11:28:25,338] multiqc                                            [DEBUG  ]  Reordering sections: anchor 'nf-core-ampliseq-summary' not found for module 'FastQC'.
[2022-08-02 11:28:25,338] multiqc                                            [DEBUG  ]  Reordering sections: anchor 'software_versions' not found for module 'nf-core/ampliseq Software Versions'.
[2022-08-02 11:28:25,338] multiqc                                            [DEBUG  ]  Reordering sections: anchor 'nf-core-ampliseq-summary' not found for module 'nf-core/ampliseq Software Versions'.
[2022-08-02 11:28:25,338] multiqc                                            [DEBUG  ]  Reordering sections: anchor 'software_versions' not found for module 'nf-core/ampliseq Workflow Summary'.
[2022-08-02 11:28:25,338] multiqc                                            [DEBUG  ]  Reordering sections: anchor 'nf-core-ampliseq-summary' not found for module 'nf-core/ampliseq Workflow Summary'.
[2022-08-02 11:28:25,347] multiqc                                            [INFO   ]  Compressing plot data
[2022-08-02 11:28:25,382] multiqc                                            [INFO   ]  Report      : multiqc_report.html
[2022-08-02 11:28:25,382] multiqc                                            [INFO   ]  Data        : multiqc_data
[2022-08-02 11:28:25,382] multiqc                                            [DEBUG  ]  Moving data file from '/tmp/tmppb1h8g41/multiqc_data' to '/home/edu/nf-core-ampliseq-ejercicio/work/ae/bdab455df82efac7377fb15fcd7f8d/multiqc_data'
[2022-08-02 11:28:25,384] multiqc                                            [INFO   ]  Plots       : multiqc_plots
[2022-08-02 11:28:25,385] multiqc                                            [DEBUG  ]  Moving plots directory from '/tmp/tmppb1h8g41/multiqc_plots' to '/home/edu/nf-core-ampliseq-ejercicio/work/ae/bdab455df82efac7377fb15fcd7f8d/multiqc_plots'
[2022-08-02 11:28:25,499] multiqc                                            [INFO   ]  MultiQC complete
