[2022-09-16 20:13:28,749] multiqc                                            [DEBUG  ]  This is MultiQC v1.13.dev0
[2022-09-16 20:13:28,750] multiqc                                            [DEBUG  ]  Loading config settings from: multiqc_config.yml
[2022-09-16 20:13:28,751] multiqc                                            [DEBUG  ]  New config: {'report_comment': 'This report has been generated by the <a href="https://github.com/nf-core/ampliseq" target="_blank">nf-core/ampliseq</a> analysis pipeline. For information about how to interpret these results, please see the <a href="https://nf-co.re/ampliseq" target="_blank">documentation</a>.\n', 'report_section_order': {'software_versions': {'order': -1000}, 'nf-core-ampliseq-summary': {'order': -1001}}, 'export_plots': True}
[2022-09-16 20:13:28,752] multiqc                                            [DEBUG  ]  Loading config settings from: multiqc_config.yml
[2022-09-16 20:13:28,752] multiqc                                            [DEBUG  ]  New config: {'report_comment': 'This report has been generated by the <a href="https://github.com/nf-core/ampliseq" target="_blank">nf-core/ampliseq</a> analysis pipeline. For information about how to interpret these results, please see the <a href="https://nf-co.re/ampliseq" target="_blank">documentation</a>.\n', 'report_section_order': {'software_versions': {'order': -1000}, 'nf-core-ampliseq-summary': {'order': -1001}}, 'export_plots': True}
[2022-09-16 20:13:28,752] multiqc                                            [DEBUG  ]  Command used: /usr/local/bin/multiqc --force --config multiqc_config.yml .
[2022-09-16 20:13:29,629] multiqc                                            [DEBUG  ]  Latest MultiQC version is v1.13
[2022-09-16 20:13:29,629] multiqc                                            [DEBUG  ]  Working dir : /home/edu/nf-core-ampliseq-training/ejercicio1/work/4f/ecb35df2dba28af93edf9c49c1a75f
[2022-09-16 20:13:29,629] multiqc                                            [DEBUG  ]  Template    : default
[2022-09-16 20:13:29,629] multiqc                                            [DEBUG  ]  Running Python 3.10.5 | packaged by conda-forge | (main, Jun 14 2022, 07:04:59) [GCC 10.3.0]
[2022-09-16 20:13:29,629] multiqc                                            [DEBUG  ]  Analysing modules: custom_content, ccs, ngsderive, purple, conpair, lima, peddy, somalier, methylQA, mosdepth, phantompeakqualtools, qualimap, preseq, quast, qorts, rna_seqc, rockhopper, rsem, rseqc, busco, bustools, goleft_indexcov, gffcompare, disambiguate, supernova, deeptools, sargasso, verifybamid, mirtrace, happy, mirtop, sambamba, homer, hops, macs2, theta2, snpeff, gatk, htseq, bcftools, featureCounts, fgbio, dragen, dedup, pbmarkdup, damageprofiler, biobambam2, jcvi, mtnucratio, picard, vep, sentieon, prokka, qc3C, nanostat, samblaster, samtools, sexdeterrmine, eigenstratdatabasetools, bamtools, jellyfish, vcftools, longranger, stacks, varscan2, snippy, bbmap, bismark, biscuit, hicexplorer, hicup, hicpro, salmon, kallisto, slamdunk, star, hisat2, tophat, bowtie2, bowtie1, snpsplit, odgi, pangolin, kat, leehom, adapterRemoval, clipandmerge, cutadapt, flexbar, kaiju, kraken, malt, trimmomatic, sickle, skewer, sortmerna, biobloomtools, fastq_screen, afterqc, fastp, fastqc, pychopper, pycoqc, minionqc, multivcfanalyzer, clusterflow, checkqc, bcl2fastq, bclconvert, interop, ivar, flash, seqyclean, optitype, whatshap
[2022-09-16 20:13:29,629] multiqc                                            [DEBUG  ]  Using temporary directory for creating report: /tmp/tmpyc3smr83
[2022-09-16 20:13:29,849] multiqc                                            [INFO   ]  Search path : /home/edu/nf-core-ampliseq-training/ejercicio1/work/4f/ecb35df2dba28af93edf9c49c1a75f
[2022-09-16 20:13:29,984] multiqc                                            [DEBUG  ]  Summary of files that were skipped by the search: [skipped_no_match: 11] // [skipped_module_specific_max_filesize: 5]
[2022-09-16 20:13:31,033] multiqc.plots.bargraph                             [DEBUG  ]  Using matplotlib version 3.5.2
[2022-09-16 20:13:31,034] multiqc.plots.linegraph                            [DEBUG  ]  Using matplotlib version 3.5.2
[2022-09-16 20:13:31,042] multiqc.modules.custom_content.custom_content      [INFO   ]  nf-core-ampliseq-summary: Found 1 sample (html)
[2022-09-16 20:13:31,043] multiqc.modules.custom_content.custom_content      [INFO   ]  software_versions: Found 1 sample (html)
[2022-09-16 20:13:31,051] multiqc.modules.cutadapt.cutadapt                  [INFO   ]  Found 2 reports
[2022-09-16 20:13:34,704] multiqc.modules.fastqc.fastqc                      [INFO   ]  Found 2 reports
[2022-09-16 20:13:43,064] multiqc                                            [DEBUG  ]  Reordering sections: anchor 'software_versions' not found for module 'Cutadapt'.
[2022-09-16 20:13:43,065] multiqc                                            [DEBUG  ]  Reordering sections: anchor 'nf-core-ampliseq-summary' not found for module 'Cutadapt'.
[2022-09-16 20:13:43,065] multiqc                                            [DEBUG  ]  Reordering sections: anchor 'software_versions' not found for module 'FastQC'.
[2022-09-16 20:13:43,065] multiqc                                            [DEBUG  ]  Reordering sections: anchor 'nf-core-ampliseq-summary' not found for module 'FastQC'.
[2022-09-16 20:13:43,065] multiqc                                            [DEBUG  ]  Reordering sections: anchor 'software_versions' not found for module 'nf-core/ampliseq Software Versions'.
[2022-09-16 20:13:43,065] multiqc                                            [DEBUG  ]  Reordering sections: anchor 'nf-core-ampliseq-summary' not found for module 'nf-core/ampliseq Software Versions'.
[2022-09-16 20:13:43,065] multiqc                                            [DEBUG  ]  Reordering sections: anchor 'software_versions' not found for module 'nf-core/ampliseq Workflow Summary'.
[2022-09-16 20:13:43,065] multiqc                                            [DEBUG  ]  Reordering sections: anchor 'nf-core-ampliseq-summary' not found for module 'nf-core/ampliseq Workflow Summary'.
[2022-09-16 20:13:43,073] multiqc                                            [INFO   ]  Compressing plot data
[2022-09-16 20:13:43,106] multiqc                                            [INFO   ]  Report      : multiqc_report.html
[2022-09-16 20:13:43,107] multiqc                                            [INFO   ]  Data        : multiqc_data
[2022-09-16 20:13:43,107] multiqc                                            [DEBUG  ]  Moving data file from '/tmp/tmpyc3smr83/multiqc_data' to '/home/edu/nf-core-ampliseq-training/ejercicio1/work/4f/ecb35df2dba28af93edf9c49c1a75f/multiqc_data'
[2022-09-16 20:13:43,110] multiqc                                            [INFO   ]  Plots       : multiqc_plots
[2022-09-16 20:13:43,110] multiqc                                            [DEBUG  ]  Moving plots directory from '/tmp/tmpyc3smr83/multiqc_plots' to '/home/edu/nf-core-ampliseq-training/ejercicio1/work/4f/ecb35df2dba28af93edf9c49c1a75f/multiqc_plots'
[2022-09-16 20:13:43,237] multiqc                                            [INFO   ]  MultiQC complete
