This is cutadapt 3.4 with Python 3.9.2
Command line parameters: --cores 2 --minimum-length 1 -O 3 -e 0.1 -g CCTACGGGAGGCAGCAG --discard-untrimmed -o Chiapas.trimmed.trim.fastq.gz Chiapas.fastq.gz
Processing reads on 2 cores in single-end mode ...
Finished in 0.02 s (905 µs/read; 0.07 M reads/minute).

=== Summary ===

Total reads processed:                      20
Reads with adapters:                        20 (100.0%)
Reads that were too short:                   0 (0.0%)
Reads written (passing filters):            20 (100.0%)

Total basepairs processed:         4,200 bp
Total written (filtered):          3,859 bp (91.9%)

=== Adapter 1 ===

Sequence: CCTACGGGAGGCAGCAG; Type: regular 5'; Length: 17; Trimmed: 20 times

No. of allowed errors:
1-9 bp: 0; 10-17 bp: 1

Overview of removed sequences
length	count	expect	max.err	error counts
16	1	0.0	1	0 1
17	17	0.0	1	16 1
18	2	0.0	1	1 1
