[2022-02-25 10:12:41,810] multiqc                                            [DEBUG  ]  This is MultiQC v1.11
[2022-02-25 10:12:41,810] multiqc                                            [DEBUG  ]  No MultiQC config found: /usr/local/lib/python3.9/site-packages/multiqc_config.yaml
[2022-02-25 10:12:41,810] multiqc                                            [DEBUG  ]  No MultiQC config found: /.multiqc_config.yaml
[2022-02-25 10:12:41,811] multiqc                                            [DEBUG  ]  Loading config settings from: multiqc_config.yaml
[2022-02-25 10:12:41,811] multiqc                                            [DEBUG  ]  New config 'report_comment': This report has been generated by the <a href="https://github.com/nf-core/ampliseq" target="_blank">nf-core/ampliseq</a> analysis pipeline. For information about how to interpret these results, please see the <a href="https://nf-co.re/ampliseq" target="_blank">documentation</a>.

[2022-02-25 10:12:41,812] multiqc                                            [DEBUG  ]  New config 'report_section_order': {'software_versions': {'order': -1000}, 'nf-core-ampliseq-summary': {'order': -1001}}
[2022-02-25 10:12:41,812] multiqc                                            [DEBUG  ]  New config 'export_plots': True
[2022-02-25 10:12:41,812] multiqc                                            [DEBUG  ]  Command used: /usr/local/bin/multiqc -f .
[2022-02-25 10:12:43,022] multiqc                                            [WARNING]  MultiQC Version v1.12 now available!
[2022-02-25 10:12:43,022] multiqc                                            [DEBUG  ]  Command     : /usr/local/bin/multiqc -f .
[2022-02-25 10:12:43,022] multiqc                                            [DEBUG  ]  Working dir : /bodega/projects/nf-ampliseq/metagenoma-quesos/nf-ampliseq/bacterial_16s/work/d7/ec16009b47c63ff09036ff37b09883
[2022-02-25 10:12:43,023] multiqc                                            [DEBUG  ]  Template    : default
[2022-02-25 10:12:43,023] multiqc                                            [DEBUG  ]  Running Python 3.9.5 | packaged by conda-forge | (default, Jun 19 2021, 00:32:32)  [GCC 9.3.0]
[2022-02-25 10:12:43,024] multiqc                                            [DEBUG  ]  Analysing modules: custom_content, ccs, ngsderive, purple, conpair, lima, peddy, somalier, methylQA, mosdepth, phantompeakqualtools, qualimap, preseq, quast, qorts, rna_seqc, rockhopper, rsem, rseqc, busco, bustools, goleft_indexcov, gffcompare, disambiguate, supernova, deeptools, sargasso, verifybamid, mirtrace, happy, mirtop, sambamba, homer, hops, macs2, theta2, snpeff, gatk, htseq, bcftools, featureCounts, fgbio, dragen, dedup, damageprofiler, biobambam2, jcvi, mtnucratio, picard, vep, sentieon, prokka, qc3C, nanostat, samblaster, samtools, sexdeterrmine, eigenstratdatabasetools, bamtools, jellyfish, vcftools, longranger, stacks, varscan2, snippy, bbmap, bismark, biscuit, hicexplorer, hicup, hicpro, salmon, kallisto, slamdunk, star, hisat2, tophat, bowtie2, bowtie1, snpsplit, odgi, pangolin, kat, leehom, adapterRemoval, clipandmerge, cutadapt, flexbar, kaiju, kraken, malt, trimmomatic, sickle, skewer, sortmerna, biobloomtools, fastq_screen, afterqc, fastp, fastqc, pychopper, pycoqc, minionqc, multivcfanalyzer, clusterflow, bcl2fastq, bclconvert, interop, ivar, flash, seqyclean, optitype
[2022-02-25 10:12:43,024] multiqc                                            [DEBUG  ]  Using temporary directory for creating report: /tmp/tmppqc1im80
[2022-02-25 10:12:43,118] multiqc                                            [INFO   ]  Search path : /bodega/projects/nf-ampliseq/metagenoma-quesos/nf-ampliseq/bacterial_16s/work/d7/ec16009b47c63ff09036ff37b09883
[2022-02-25 10:12:43,147] multiqc                                            [DEBUG  ]  File ignored by ccs/v4 because it exceeded search pattern filesize limit: Chihuahua.trimmed.cutadapt.log
[2022-02-25 10:12:43,149] multiqc                                            [DEBUG  ]  File ignored by lima/summary because it exceeded search pattern filesize limit: Chihuahua.trimmed.cutadapt.log
[2022-02-25 10:12:43,195] multiqc                                            [DEBUG  ]  File ignored by ccs/v4 because it exceeded search pattern filesize limit: Ranchero_Estado_de_Mexico.trimmed.cutadapt.log
[2022-02-25 10:12:43,196] multiqc                                            [DEBUG  ]  File ignored by lima/summary because it exceeded search pattern filesize limit: Ranchero_Estado_de_Mexico.trimmed.cutadapt.log
[2022-02-25 10:12:43,244] multiqc                                            [DEBUG  ]  File ignored by ccs/v4 because it exceeded search pattern filesize limit: Cotija.trimmed.cutadapt.log
[2022-02-25 10:12:43,246] multiqc                                            [DEBUG  ]  File ignored by lima/summary because it exceeded search pattern filesize limit: Cotija.trimmed.cutadapt.log
[2022-02-25 10:12:43,262] multiqc                                            [DEBUG  ]  File ignored by ccs/v4 because it exceeded search pattern filesize limit: Jocoque.trimmed.cutadapt.log
[2022-02-25 10:12:43,264] multiqc                                            [DEBUG  ]  File ignored by lima/summary because it exceeded search pattern filesize limit: Jocoque.trimmed.cutadapt.log
[2022-02-25 10:12:43,366] multiqc                                            [DEBUG  ]  File ignored by ccs/v4 because it exceeded search pattern filesize limit: Ranchero_Veracruz.trimmed.cutadapt.log
[2022-02-25 10:12:43,368] multiqc                                            [DEBUG  ]  File ignored by lima/summary because it exceeded search pattern filesize limit: Ranchero_Veracruz.trimmed.cutadapt.log
[2022-02-25 10:12:43,386] multiqc                                            [DEBUG  ]  File ignored by ccs/v4 because it exceeded search pattern filesize limit: Cincho.trimmed.cutadapt.log
[2022-02-25 10:12:43,387] multiqc                                            [DEBUG  ]  File ignored by lima/summary because it exceeded search pattern filesize limit: Cincho.trimmed.cutadapt.log
[2022-02-25 10:12:43,397] multiqc                                            [DEBUG  ]  File ignored by ccs/v4 because it exceeded search pattern filesize limit: Adobera_artesanal.trimmed.cutadapt.log
[2022-02-25 10:12:43,398] multiqc                                            [DEBUG  ]  File ignored by lima/summary because it exceeded search pattern filesize limit: Adobera_artesanal.trimmed.cutadapt.log
[2022-02-25 10:12:43,407] multiqc                                            [DEBUG  ]  File ignored by ccs/v4 because it exceeded search pattern filesize limit: .command.run
[2022-02-25 10:12:43,408] multiqc                                            [DEBUG  ]  File ignored by hicexplorer because it exceeded search pattern filesize limit: .command.run
[2022-02-25 10:12:43,408] multiqc                                            [DEBUG  ]  File ignored by nanostat because it exceeded search pattern filesize limit: .command.run
[2022-02-25 10:12:43,408] multiqc                                            [DEBUG  ]  File ignored by lima/summary because it exceeded search pattern filesize limit: .command.run
[2022-02-25 10:12:43,409] multiqc                                            [DEBUG  ]  File ignored by longranger/invocation because it exceeded search pattern filesize limit: .command.run
[2022-02-25 10:12:43,914] multiqc.plots.bargraph                             [DEBUG  ]  Using matplotlib version 3.4.2
[2022-02-25 10:12:43,914] multiqc.plots.linegraph                            [DEBUG  ]  Using matplotlib version 3.4.2
[2022-02-25 10:12:43,922] multiqc.modules.custom_content.custom_content      [INFO   ]  nf-core-ampliseq-summary: Found 1 sample (html)
[2022-02-25 10:12:43,922] multiqc.modules.custom_content.custom_content      [INFO   ]  software_versions: Found 1 sample (html)
[2022-02-25 10:12:43,926] multiqc                                            [DEBUG  ]  No samples found: ccs
[2022-02-25 10:12:43,930] multiqc                                            [DEBUG  ]  No samples found: ngsderive
[2022-02-25 10:12:43,934] multiqc                                            [DEBUG  ]  No samples found: purple
[2022-02-25 10:12:43,937] multiqc                                            [DEBUG  ]  No samples found: conpair
[2022-02-25 10:12:43,941] multiqc                                            [DEBUG  ]  No samples found: lima
[2022-02-25 10:12:43,945] multiqc                                            [DEBUG  ]  No samples found: peddy
[2022-02-25 10:12:43,949] multiqc                                            [DEBUG  ]  No samples found: somalier
[2022-02-25 10:12:43,952] multiqc                                            [DEBUG  ]  No samples found: methylQA
[2022-02-25 10:12:43,957] multiqc.modules.mosdepth.mosdepth                  [DEBUG  ]  include_contigs: []
[2022-02-25 10:12:43,957] multiqc.modules.mosdepth.mosdepth                  [DEBUG  ]  exclude_contigs: []
[2022-02-25 10:12:43,957] multiqc                                            [DEBUG  ]  No samples found: mosdepth
[2022-02-25 10:12:43,961] multiqc                                            [DEBUG  ]  No samples found: phantompeakqualtools
[2022-02-25 10:12:43,964] multiqc                                            [DEBUG  ]  No samples found: qualimap
[2022-02-25 10:12:43,968] multiqc                                            [DEBUG  ]  No samples found: preseq
[2022-02-25 10:12:43,972] multiqc                                            [DEBUG  ]  No samples found: quast
[2022-02-25 10:12:43,976] multiqc                                            [DEBUG  ]  No samples found: qorts
[2022-02-25 10:12:43,980] multiqc                                            [DEBUG  ]  No samples found: rna_seqc
[2022-02-25 10:12:43,984] multiqc                                            [DEBUG  ]  No samples found: rockhopper
[2022-02-25 10:12:43,987] multiqc                                            [DEBUG  ]  No samples found: rsem
[2022-02-25 10:12:43,993] multiqc                                            [DEBUG  ]  No samples found: rseqc
[2022-02-25 10:12:43,997] multiqc                                            [DEBUG  ]  No samples found: busco
[2022-02-25 10:12:44,001] multiqc                                            [DEBUG  ]  No samples found: bustools
[2022-02-25 10:12:44,004] multiqc                                            [DEBUG  ]  No samples found: goleft_indexcov
[2022-02-25 10:12:44,008] multiqc                                            [DEBUG  ]  No samples found: gffcompare
[2022-02-25 10:12:44,012] multiqc                                            [DEBUG  ]  No samples found: disambiguate
[2022-02-25 10:12:44,016] multiqc                                            [DEBUG  ]  No samples found: supernova
[2022-02-25 10:12:44,021] multiqc                                            [DEBUG  ]  No samples found: deeptools
[2022-02-25 10:12:44,025] multiqc                                            [DEBUG  ]  No samples found: sargasso
[2022-02-25 10:12:44,029] multiqc                                            [DEBUG  ]  No samples found: verifybamid
[2022-02-25 10:12:44,032] multiqc                                            [DEBUG  ]  No samples found: mirtrace
[2022-02-25 10:12:44,037] multiqc                                            [DEBUG  ]  No samples found: happy
[2022-02-25 10:12:44,042] multiqc                                            [DEBUG  ]  No samples found: mirtop
[2022-02-25 10:12:44,046] multiqc                                            [DEBUG  ]  No samples found: sambamba
[2022-02-25 10:12:44,050] multiqc                                            [DEBUG  ]  No samples found: homer
[2022-02-25 10:12:44,054] multiqc                                            [DEBUG  ]  No samples found: hops
[2022-02-25 10:12:44,058] multiqc                                            [DEBUG  ]  No samples found: macs2
[2022-02-25 10:12:44,061] multiqc                                            [DEBUG  ]  No samples found: theta2
[2022-02-25 10:12:44,065] multiqc                                            [DEBUG  ]  No samples found: snpeff
[2022-02-25 10:12:44,070] multiqc                                            [DEBUG  ]  No samples found: gatk
[2022-02-25 10:12:44,073] multiqc                                            [DEBUG  ]  No samples found: htseq
[2022-02-25 10:12:44,077] multiqc                                            [DEBUG  ]  No samples found: bcftools
[2022-02-25 10:12:44,081] multiqc                                            [DEBUG  ]  No samples found: featureCounts
[2022-02-25 10:12:44,086] multiqc                                            [DEBUG  ]  No samples found: fgbio
[2022-02-25 10:12:44,093] multiqc                                            [DEBUG  ]  No samples found: dragen
[2022-02-25 10:12:44,097] multiqc                                            [DEBUG  ]  No samples found: dedup
[2022-02-25 10:12:44,101] multiqc                                            [DEBUG  ]  No samples found: damageprofiler
[2022-02-25 10:12:44,110] multiqc                                            [DEBUG  ]  No samples found: biobambam2
[2022-02-25 10:12:44,114] multiqc                                            [DEBUG  ]  No samples found: jcvi
[2022-02-25 10:12:44,118] multiqc                                            [DEBUG  ]  No samples found: mtnucratio
[2022-02-25 10:12:44,121] multiqc                                            [DEBUG  ]  No samples found: picard
[2022-02-25 10:12:44,125] multiqc                                            [DEBUG  ]  No samples found: vep
[2022-02-25 10:12:44,129] multiqc                                            [DEBUG  ]  No samples found: sentieon
[2022-02-25 10:12:44,133] multiqc                                            [DEBUG  ]  No samples found: prokka
[2022-02-25 10:12:44,137] multiqc                                            [DEBUG  ]  No samples found: qc3C
[2022-02-25 10:12:44,141] multiqc                                            [DEBUG  ]  No samples found: nanostat
[2022-02-25 10:12:44,145] multiqc                                            [DEBUG  ]  No samples found: samblaster
[2022-02-25 10:12:44,150] multiqc                                            [DEBUG  ]  No samples found: samtools
[2022-02-25 10:12:44,154] multiqc                                            [DEBUG  ]  No samples found: sexdeterrmine
[2022-02-25 10:12:44,158] multiqc                                            [DEBUG  ]  No samples found: eigenstratdatabasetools
[2022-02-25 10:12:44,162] multiqc                                            [DEBUG  ]  No samples found: bamtools
[2022-02-25 10:12:44,166] multiqc                                            [DEBUG  ]  No samples found: jellyfish
[2022-02-25 10:12:44,171] multiqc                                            [DEBUG  ]  No samples found: vcftools
[2022-02-25 10:12:44,175] multiqc                                            [DEBUG  ]  No samples found: longranger
[2022-02-25 10:12:44,179] multiqc                                            [DEBUG  ]  No samples found: stacks
[2022-02-25 10:12:44,183] multiqc                                            [DEBUG  ]  No samples found: varscan2
[2022-02-25 10:12:44,187] multiqc                                            [DEBUG  ]  No samples found: snippy
[2022-02-25 10:12:44,193] multiqc                                            [DEBUG  ]  No samples found: bbmap
[2022-02-25 10:12:44,197] multiqc                                            [DEBUG  ]  No samples found: bismark
[2022-02-25 10:12:44,201] multiqc                                            [DEBUG  ]  No samples found: biscuit
[2022-02-25 10:12:44,208] multiqc                                            [DEBUG  ]  No samples found: hicexplorer
[2022-02-25 10:12:44,212] multiqc                                            [DEBUG  ]  No samples found: hicup
[2022-02-25 10:12:44,216] multiqc                                            [DEBUG  ]  No samples found: hicpro
[2022-02-25 10:12:44,219] multiqc                                            [DEBUG  ]  No samples found: salmon
[2022-02-25 10:12:44,223] multiqc                                            [DEBUG  ]  No samples found: kallisto
[2022-02-25 10:12:44,227] multiqc                                            [DEBUG  ]  No samples found: slamdunk
[2022-02-25 10:12:44,231] multiqc                                            [DEBUG  ]  No samples found: star
[2022-02-25 10:12:44,235] multiqc                                            [DEBUG  ]  No samples found: hisat2
[2022-02-25 10:12:44,239] multiqc                                            [DEBUG  ]  No samples found: tophat
[2022-02-25 10:12:44,246] multiqc                                            [DEBUG  ]  No samples found: bowtie2
[2022-02-25 10:12:44,250] multiqc                                            [DEBUG  ]  No samples found: bowtie1
[2022-02-25 10:12:44,254] multiqc                                            [DEBUG  ]  No samples found: snpsplit
[2022-02-25 10:12:44,258] multiqc                                            [DEBUG  ]  No samples found: odgi
[2022-02-25 10:12:44,262] multiqc                                            [DEBUG  ]  No samples found: pangolin
[2022-02-25 10:12:44,266] multiqc                                            [DEBUG  ]  No samples found: kat
[2022-02-25 10:12:44,269] multiqc                                            [DEBUG  ]  No samples found: leehom
[2022-02-25 10:12:44,273] multiqc                                            [DEBUG  ]  No samples found: adapterRemoval
[2022-02-25 10:12:44,277] multiqc                                            [DEBUG  ]  No samples found: clipandmerge
[2022-02-25 10:12:44,301] multiqc.modules.cutadapt.cutadapt                  [INFO   ]  Found 17 reports
[2022-02-25 10:12:47,333] multiqc                                            [DEBUG  ]  No samples found: flexbar
[2022-02-25 10:12:47,339] multiqc                                            [DEBUG  ]  No samples found: kaiju
[2022-02-25 10:12:47,345] multiqc                                            [DEBUG  ]  No samples found: kraken
[2022-02-25 10:12:47,351] multiqc                                            [DEBUG  ]  No samples found: malt
[2022-02-25 10:12:47,357] multiqc                                            [DEBUG  ]  No samples found: trimmomatic
[2022-02-25 10:12:47,362] multiqc                                            [DEBUG  ]  No samples found: sickle
[2022-02-25 10:12:47,367] multiqc                                            [DEBUG  ]  No samples found: skewer
[2022-02-25 10:12:47,373] multiqc                                            [DEBUG  ]  No samples found: sortmerna
[2022-02-25 10:12:47,379] multiqc                                            [DEBUG  ]  No samples found: biobloomtools
[2022-02-25 10:12:47,384] multiqc                                            [DEBUG  ]  No samples found: fastq_screen
[2022-02-25 10:12:47,390] multiqc                                            [DEBUG  ]  No samples found: afterqc
[2022-02-25 10:12:47,396] multiqc                                            [DEBUG  ]  No samples found: fastp
[2022-02-25 10:12:47,461] multiqc.modules.fastqc.fastqc                      [INFO   ]  Found 17 reports
[2022-02-25 10:12:54,431] multiqc                                            [DEBUG  ]  No samples found: pychopper
[2022-02-25 10:12:54,435] multiqc                                            [DEBUG  ]  No samples found: pycoqc
[2022-02-25 10:12:54,438] multiqc                                            [DEBUG  ]  No samples found: minionqc
[2022-02-25 10:12:54,441] multiqc                                            [DEBUG  ]  No samples found: multivcfanalyzer
[2022-02-25 10:12:54,445] multiqc                                            [DEBUG  ]  No samples found: clusterflow
[2022-02-25 10:12:54,448] multiqc                                            [DEBUG  ]  No samples found: bcl2fastq
[2022-02-25 10:12:54,452] multiqc                                            [DEBUG  ]  No samples found: bclconvert
[2022-02-25 10:12:54,455] multiqc                                            [DEBUG  ]  No samples found: interop
[2022-02-25 10:12:54,459] multiqc                                            [DEBUG  ]  No samples found: ivar
[2022-02-25 10:12:54,462] multiqc                                            [DEBUG  ]  No samples found: flash
[2022-02-25 10:12:54,466] multiqc                                            [DEBUG  ]  No samples found: seqyclean
[2022-02-25 10:12:54,470] multiqc                                            [DEBUG  ]  No samples found: optitype
[2022-02-25 10:12:54,470] multiqc                                            [DEBUG  ]  Reordering sections: anchor 'software_versions' not found for module 'Cutadapt'.
[2022-02-25 10:12:54,470] multiqc                                            [DEBUG  ]  Reordering sections: anchor 'nf-core-ampliseq-summary' not found for module 'Cutadapt'.
[2022-02-25 10:12:54,470] multiqc                                            [DEBUG  ]  Reordering sections: anchor 'software_versions' not found for module 'FastQC'.
[2022-02-25 10:12:54,470] multiqc                                            [DEBUG  ]  Reordering sections: anchor 'nf-core-ampliseq-summary' not found for module 'FastQC'.
[2022-02-25 10:12:54,470] multiqc                                            [DEBUG  ]  Reordering sections: anchor 'software_versions' not found for module 'nf-core/ampliseq Software Versions'.
[2022-02-25 10:12:54,470] multiqc                                            [DEBUG  ]  Reordering sections: anchor 'nf-core-ampliseq-summary' not found for module 'nf-core/ampliseq Software Versions'.
[2022-02-25 10:12:54,470] multiqc                                            [DEBUG  ]  Reordering sections: anchor 'software_versions' not found for module 'nf-core/ampliseq Workflow Summary'.
[2022-02-25 10:12:54,470] multiqc                                            [DEBUG  ]  Reordering sections: anchor 'nf-core-ampliseq-summary' not found for module 'nf-core/ampliseq Workflow Summary'.
[2022-02-25 10:12:54,497] multiqc                                            [INFO   ]  Compressing plot data
[2022-02-25 10:12:54,674] multiqc                                            [INFO   ]  Report      : multiqc_report.html
[2022-02-25 10:12:54,674] multiqc                                            [INFO   ]  Data        : multiqc_data
[2022-02-25 10:12:54,674] multiqc                                            [DEBUG  ]  Moving data file from '/tmp/tmppqc1im80/multiqc_data' to '/bodega/projects/nf-ampliseq/metagenoma-quesos/nf-ampliseq/bacterial_16s/work/d7/ec16009b47c63ff09036ff37b09883/multiqc_data'
[2022-02-25 10:12:54,678] multiqc                                            [INFO   ]  Plots       : multiqc_plots
[2022-02-25 10:12:54,678] multiqc                                            [DEBUG  ]  Moving plots directory from '/tmp/tmppqc1im80/multiqc_plots' to '/bodega/projects/nf-ampliseq/metagenoma-quesos/nf-ampliseq/bacterial_16s/work/d7/ec16009b47c63ff09036ff37b09883/multiqc_plots'
[2022-02-25 10:12:54,781] multiqc                                            [INFO   ]  MultiQC complete
